六月 15, 2020 5:00:39 下午 io.github.yedaxia.apidocs.LogUtils info
信息: info: find multi modules in this project: [sp-service-system, sp-service-sr, sp-service-member, sp-service-zuul, sp-service-nacosdemo]
六月 15, 2020 5:00:39 下午 io.github.yedaxia.apidocs.LogUtils info
信息: info: find java src paths:  [F:\github\springcloud-study\parent\sp-service-system\.mvn\wrapper/, F:\github\springcloud-study\parent\sp-service-sr\.mvn\wrapper/, F:\github\springcloud-study\parent\sp-service-member\member-service-api\.mvn\wrapper/, F:\github\springcloud-study\parent\sp-service-zuul\src\main\java\, F:\github\springcloud-study\parent\sp-service-nacosdemo\.mvn\wrapper/]
六月 15, 2020 5:00:39 下午 io.github.yedaxia.apidocs.LogUtils info
信息: info: project type not set, try to figure out...
六月 15, 2020 5:00:39 下午 io.github.yedaxia.apidocs.LogUtils info
信息: info: found it a GENERIC project, tell us if we are wrong.
六月 15, 2020 5:00:39 下午 io.github.yedaxia.apidocs.LogUtils info
信息: info: start find controllers in path : F:\github\springcloud-study\parent\sp-service-system\.mvn\wrapper/
六月 15, 2020 5:00:39 下午 io.github.yedaxia.apidocs.LogUtils info
信息: info: start find controllers in path : F:\github\springcloud-study\parent\sp-service-sr\.mvn\wrapper/
六月 15, 2020 5:00:39 下午 io.github.yedaxia.apidocs.LogUtils info
信息: info: start find controllers in path : F:\github\springcloud-study\parent\sp-service-member\member-service-api\.mvn\wrapper/
六月 15, 2020 5:00:39 下午 io.github.yedaxia.apidocs.LogUtils info
信息: info: start find controllers in path : F:\github\springcloud-study\parent\sp-service-zuul\src\main\java\
六月 15, 2020 5:00:39 下午 io.github.yedaxia.apidocs.LogUtils info
信息: info: start find controllers in path : F:\github\springcloud-study\parent\sp-service-nacosdemo\.mvn\wrapper/
六月 15, 2020 5:00:39 下午 io.github.yedaxia.apidocs.LogUtils info
信息: info: generate api docs start...
六月 15, 2020 5:00:40 下午 io.github.yedaxia.apidocs.LogUtils info
信息: info: generate api docs done !!!
